[debug] [2024-07-17T18:14:54.178Z] ----------------------------------------------------------------------
[debug] [2024-07-17T18:14:54.182Z] Command:       /usr/local/bin/node /usr/local/bin/firebase deploy
[debug] [2024-07-17T18:14:54.182Z] CLI Version:   13.7.5
[debug] [2024-07-17T18:14:54.182Z] Platform:      darwin
[debug] [2024-07-17T18:14:54.182Z] Node Version:  v20.12.2
[debug] [2024-07-17T18:14:54.182Z] Time:          Wed Jul 17 2024 13:14:54 GMT-0500 (Central Daylight Time)
[debug] [2024-07-17T18:14:54.182Z] ----------------------------------------------------------------------
[debug] 
[debug] [2024-07-17T18:14:54.219Z] > command requires scopes: ["email","openid","https://www.googleapis.com/auth/cloudplatformprojects.readonly","https://www.googleapis.com/auth/firebase","https://www.googleapis.com/auth/cloud-platform"]
[debug] [2024-07-17T18:14:54.219Z] > authorizing via signed-in user (nlist@college.harvard.edu)
[debug] [2024-07-17T18:14:54.219Z] [iam] checking project easymlb for permissions ["firebase.projects.get","firebasehosting.sites.update"]
[debug] [2024-07-17T18:14:54.220Z] >>> [apiv2][query] POST https://cloudresourcemanager.googleapis.com/v1/projects/easymlb:testIamPermissions [none]
[debug] [2024-07-17T18:14:54.220Z] >>> [apiv2][(partial)header] POST https://cloudresourcemanager.googleapis.com/v1/projects/easymlb:testIamPermissions x-goog-quota-user=projects/easymlb
[debug] [2024-07-17T18:14:54.220Z] >>> [apiv2][body] POST https://cloudresourcemanager.googleapis.com/v1/projects/easymlb:testIamPermissions {"permissions":["firebase.projects.get","firebasehosting.sites.update"]}
[debug] [2024-07-17T18:14:54.398Z] <<< [apiv2][status] POST https://cloudresourcemanager.googleapis.com/v1/projects/easymlb:testIamPermissions 200
[debug] [2024-07-17T18:14:54.398Z] <<< [apiv2][body] POST https://cloudresourcemanager.googleapis.com/v1/projects/easymlb:testIamPermissions {"permissions":["firebase.projects.get","firebasehosting.sites.update"]}
[debug] [2024-07-17T18:14:54.399Z] >>> [apiv2][query] GET https://firebase.googleapis.com/v1beta1/projects/easymlb [none]
[debug] [2024-07-17T18:14:54.564Z] <<< [apiv2][status] GET https://firebase.googleapis.com/v1beta1/projects/easymlb 200
[debug] [2024-07-17T18:14:54.564Z] <<< [apiv2][body] GET https://firebase.googleapis.com/v1beta1/projects/easymlb {"projectId":"easymlb","projectNumber":"1017316832240","displayName":"easymlb","name":"projects/easymlb","resources":{"hostingSite":"easymlb"},"state":"ACTIVE","etag":"1_325151e3-a0c6-40ea-862c-322b062c2d43"}
[debug] [2024-07-17T18:14:56.035Z] >>> [apiv2][query] GET https://firebasehosting.googleapis.com/v1beta1/projects/easymlb/sites pageToken=&pageSize=10
[debug] [2024-07-17T18:14:56.423Z] <<< [apiv2][status] GET https://firebasehosting.googleapis.com/v1beta1/projects/easymlb/sites 200
[debug] [2024-07-17T18:14:56.423Z] <<< [apiv2][body] GET https://firebasehosting.googleapis.com/v1beta1/projects/easymlb/sites {"sites":[{"name":"projects/easymlb/sites/easymlb","defaultUrl":"https://easymlb.web.app","appId":"1:1017316832240:web:f3f2a25da0aa48a358a335","type":"DEFAULT_SITE"}]}
[debug] [2024-07-17T18:14:56.424Z] >>> [apiv2][query] GET https://firebase.googleapis.com/v1beta1/projects/-/webApps/1:1017316832240:web:f3f2a25da0aa48a358a335/config [none]
[debug] [2024-07-17T18:14:56.669Z] <<< [apiv2][status] GET https://firebase.googleapis.com/v1beta1/projects/-/webApps/1:1017316832240:web:f3f2a25da0aa48a358a335/config 200
[debug] [2024-07-17T18:14:56.669Z] <<< [apiv2][body] GET https://firebase.googleapis.com/v1beta1/projects/-/webApps/1:1017316832240:web:f3f2a25da0aa48a358a335/config {"projectId":"easymlb","appId":"1:1017316832240:web:f3f2a25da0aa48a358a335","storageBucket":"easymlb.appspot.com","apiKey":"AIzaSyAF1CqLV-j9llzf2lnT-7gAEsE924KPVhc","authDomain":"easymlb.firebaseapp.com","messagingSenderId":"1017316832240","measurementId":"G-R28VJYZKWF"}
[debug] [2024-07-17T18:23:51.702Z] ----------------------------------------------------------------------
[debug] [2024-07-17T18:23:51.703Z] Command:       /usr/local/bin/node /usr/local/bin/firebase deploy
[debug] [2024-07-17T18:23:51.704Z] CLI Version:   13.7.5
[debug] [2024-07-17T18:23:51.704Z] Platform:      darwin
[debug] [2024-07-17T18:23:51.704Z] Node Version:  v20.12.2
[debug] [2024-07-17T18:23:51.704Z] Time:          Wed Jul 17 2024 13:23:51 GMT-0500 (Central Daylight Time)
[debug] [2024-07-17T18:23:51.704Z] ----------------------------------------------------------------------
[debug] 
[debug] [2024-07-17T18:23:51.741Z] > command requires scopes: ["email","openid","https://www.googleapis.com/auth/cloudplatformprojects.readonly","https://www.googleapis.com/auth/firebase","https://www.googleapis.com/auth/cloud-platform"]
[debug] [2024-07-17T18:23:51.741Z] > authorizing via signed-in user (nlist@college.harvard.edu)
[debug] [2024-07-17T18:23:51.741Z] [iam] checking project easymlb for permissions ["firebase.projects.get","firebasehosting.sites.update"]
[debug] [2024-07-17T18:23:51.742Z] >>> [apiv2][query] POST https://cloudresourcemanager.googleapis.com/v1/projects/easymlb:testIamPermissions [none]
[debug] [2024-07-17T18:23:51.742Z] >>> [apiv2][(partial)header] POST https://cloudresourcemanager.googleapis.com/v1/projects/easymlb:testIamPermissions x-goog-quota-user=projects/easymlb
[debug] [2024-07-17T18:23:51.742Z] >>> [apiv2][body] POST https://cloudresourcemanager.googleapis.com/v1/projects/easymlb:testIamPermissions {"permissions":["firebase.projects.get","firebasehosting.sites.update"]}
[debug] [2024-07-17T18:23:51.929Z] <<< [apiv2][status] POST https://cloudresourcemanager.googleapis.com/v1/projects/easymlb:testIamPermissions 200
[debug] [2024-07-17T18:23:51.930Z] <<< [apiv2][body] POST https://cloudresourcemanager.googleapis.com/v1/projects/easymlb:testIamPermissions {"permissions":["firebase.projects.get","firebasehosting.sites.update"]}
[debug] [2024-07-17T18:23:51.930Z] >>> [apiv2][query] GET https://firebase.googleapis.com/v1beta1/projects/easymlb [none]
[debug] [2024-07-17T18:23:52.072Z] <<< [apiv2][status] GET https://firebase.googleapis.com/v1beta1/projects/easymlb 200
[debug] [2024-07-17T18:23:52.072Z] <<< [apiv2][body] GET https://firebase.googleapis.com/v1beta1/projects/easymlb {"projectId":"easymlb","projectNumber":"1017316832240","displayName":"easymlb","name":"projects/easymlb","resources":{"hostingSite":"easymlb"},"state":"ACTIVE","etag":"1_325151e3-a0c6-40ea-862c-322b062c2d43"}
[debug] [2024-07-17T18:23:53.518Z] >>> [apiv2][query] GET https://firebasehosting.googleapis.com/v1beta1/projects/easymlb/sites pageToken=&pageSize=10
[debug] [2024-07-17T18:23:54.008Z] <<< [apiv2][status] GET https://firebasehosting.googleapis.com/v1beta1/projects/easymlb/sites 200
[debug] [2024-07-17T18:23:54.008Z] <<< [apiv2][body] GET https://firebasehosting.googleapis.com/v1beta1/projects/easymlb/sites {"sites":[{"name":"projects/easymlb/sites/easymlb","defaultUrl":"https://easymlb.web.app","appId":"1:1017316832240:web:f3f2a25da0aa48a358a335","type":"DEFAULT_SITE"}]}
[debug] [2024-07-17T18:23:54.009Z] >>> [apiv2][query] GET https://firebase.googleapis.com/v1beta1/projects/-/webApps/1:1017316832240:web:f3f2a25da0aa48a358a335/config [none]
[debug] [2024-07-17T18:23:54.252Z] <<< [apiv2][status] GET https://firebase.googleapis.com/v1beta1/projects/-/webApps/1:1017316832240:web:f3f2a25da0aa48a358a335/config 200
[debug] [2024-07-17T18:23:54.252Z] <<< [apiv2][body] GET https://firebase.googleapis.com/v1beta1/projects/-/webApps/1:1017316832240:web:f3f2a25da0aa48a358a335/config {"projectId":"easymlb","appId":"1:1017316832240:web:f3f2a25da0aa48a358a335","storageBucket":"easymlb.appspot.com","apiKey":"AIzaSyAF1CqLV-j9llzf2lnT-7gAEsE924KPVhc","authDomain":"easymlb.firebaseapp.com","messagingSenderId":"1017316832240","measurementId":"G-R28VJYZKWF"}
[info] 
   Thank you for trying our early preview of Angular support on Firebase Hosting.
   During the preview, support is best-effort and breaking changes can be expected. Proceed with caution.

   Documentation: https://firebase.google.com/docs/hosting/frameworks/angular
   File a bug: https://github.com/firebase/firebase-tools/issues/new?template=bug_report.md
   Submit a feature request: https://github.com/firebase/firebase-tools/issues/new?template=feature_request.md

   We'd love to learn from you. Express your interest in helping us shape the future of Firebase Hosting: https://goo.gle/41enW5X

[debug] [2024-07-17T18:24:12.784Z] [web frameworks] effective firebase.json:  {
  "hosting": [
    {
      "source": ".",
      "ignore": [
        "firebase.json",
        "**/.*",
        "**/node_modules/**"
      ],
      "rewrites": [
        {
          "source": "**",
          "destination": "/index.html"
        },
        {
          "source": "/**",
          "function": {
            "functionId": "ssreasymlb",
            "region": "us-central1",
            "pinTag": true
          }
        }
      ],
      "frameworksBackend": {
        "region": "us-central1"
      },
      "site": "easymlb",
      "redirects": [],
      "headers": [
        {
          "source": "/**/*.[jt]s",
          "headers": [
            {
              "key": "Set-Cookie",
              "value": "__FIREBASE_DEFAULTS__=eyJjb25maWciOnsicHJvamVjdElkIjoiZWFzeW1sYiIsImFwcElkIjoiMToxMDE3MzE2ODMyMjQwOndlYjpmM2YyYTI1ZGEwYWE0OGEzNThhMzM1Iiwic3RvcmFnZUJ1Y2tldCI6ImVhc3ltbGIuYXBwc3BvdC5jb20iLCJhcGlLZXkiOiJBSXphU3lBRjFDcUxWLWo5bGx6ZjJsblQtN2dBRXNFOTI0S1BWaGMiLCJhdXRoRG9tYWluIjoiZWFzeW1sYi5maXJlYmFzZWFwcC5jb20iLCJtZXNzYWdpbmdTZW5kZXJJZCI6IjEwMTczMTY4MzIyNDAiLCJtZWFzdXJlbWVudElkIjoiRy1SMjhWSllaS1dGIn0sIl9hdXRoVG9rZW5TeW5jVVJMIjoiL19fc2Vzc2lvbiJ9; SameSite=Strict; Expires=2026-06-12T05:04:12.784Z; Path=/;"
            }
          ]
        }
      ],
      "cleanUrls": true,
      "i18n": {
        "root": "/"
      },
      "public": ".firebase/easymlb/hosting",
      "webFramework": "angular_ssr"
    }
  ],
  "functions": [
    {
      "source": ".firebase/easymlb/functions",
      "codebase": "firebase-frameworks-easymlb"
    }
  ]
}
[debug] [2024-07-17T18:24:12.785Z] > command requires scopes: ["email","openid","https://www.googleapis.com/auth/cloudplatformprojects.readonly","https://www.googleapis.com/auth/firebase","https://www.googleapis.com/auth/cloud-platform"]
[debug] [2024-07-17T18:24:12.785Z] > authorizing via signed-in user (nlist@college.harvard.edu)
[debug] [2024-07-17T18:24:12.785Z] [iam] checking project easymlb for permissions ["cloudfunctions.functions.create","cloudfunctions.functions.delete","cloudfunctions.functions.get","cloudfunctions.functions.list","cloudfunctions.functions.update","cloudfunctions.operations.get","firebase.projects.get"]
[debug] [2024-07-17T18:24:12.785Z] >>> [apiv2][query] POST https://cloudresourcemanager.googleapis.com/v1/projects/easymlb:testIamPermissions [none]
[debug] [2024-07-17T18:24:12.785Z] >>> [apiv2][(partial)header] POST https://cloudresourcemanager.googleapis.com/v1/projects/easymlb:testIamPermissions x-goog-quota-user=projects/easymlb
[debug] [2024-07-17T18:24:12.785Z] >>> [apiv2][body] POST https://cloudresourcemanager.googleapis.com/v1/projects/easymlb:testIamPermissions {"permissions":["cloudfunctions.functions.create","cloudfunctions.functions.delete","cloudfunctions.functions.get","cloudfunctions.functions.list","cloudfunctions.functions.update","cloudfunctions.operations.get","firebase.projects.get"]}
[debug] [2024-07-17T18:24:12.932Z] <<< [apiv2][status] POST https://cloudresourcemanager.googleapis.com/v1/projects/easymlb:testIamPermissions 200
[debug] [2024-07-17T18:24:12.932Z] <<< [apiv2][body] POST https://cloudresourcemanager.googleapis.com/v1/projects/easymlb:testIamPermissions {"permissions":["cloudfunctions.functions.create","cloudfunctions.functions.delete","cloudfunctions.functions.get","cloudfunctions.functions.list","cloudfunctions.functions.update","cloudfunctions.operations.get","firebase.projects.get"]}
[info] 
[info] === Deploying to 'easymlb'...
[info] 
[info] i  deploying functions, hosting 
[debug] [2024-07-17T18:24:12.933Z] >>> [apiv2][query] GET https://firebase.googleapis.com/v1beta1/projects/easymlb [none]
[debug] [2024-07-17T18:24:13.060Z] <<< [apiv2][status] GET https://firebase.googleapis.com/v1beta1/projects/easymlb 200
[debug] [2024-07-17T18:24:13.060Z] <<< [apiv2][body] GET https://firebase.googleapis.com/v1beta1/projects/easymlb {"projectId":"easymlb","projectNumber":"1017316832240","displayName":"easymlb","name":"projects/easymlb","resources":{"hostingSite":"easymlb"},"state":"ACTIVE","etag":"1_325151e3-a0c6-40ea-862c-322b062c2d43"}
[info] i  functions: preparing codebase firebase-frameworks-easymlb for deployment 
[info] i  functions: ensuring required API cloudfunctions.googleapis.com is enabled... 
[info] i  functions: ensuring required API cloudbuild.googleapis.com is enabled... 
[info] i  artifactregistry: ensuring required API artifactregistry.googleapis.com is enabled... 
[debug] [2024-07-17T18:24:13.061Z] >>> [apiv2][query] GET https://serviceusage.googleapis.com/v1/projects/easymlb/services/cloudfunctions.googleapis.com [none]
[debug] [2024-07-17T18:24:13.061Z] >>> [apiv2][(partial)header] GET https://serviceusage.googleapis.com/v1/projects/easymlb/services/cloudfunctions.googleapis.com x-goog-quota-user=projects/easymlb
[debug] [2024-07-17T18:24:13.062Z] >>> [apiv2][query] GET https://serviceusage.googleapis.com/v1/projects/easymlb/services/runtimeconfig.googleapis.com [none]
[debug] [2024-07-17T18:24:13.062Z] >>> [apiv2][(partial)header] GET https://serviceusage.googleapis.com/v1/projects/easymlb/services/runtimeconfig.googleapis.com x-goog-quota-user=projects/easymlb
[debug] [2024-07-17T18:24:13.062Z] >>> [apiv2][query] GET https://serviceusage.googleapis.com/v1/projects/easymlb/services/cloudbuild.googleapis.com [none]
[debug] [2024-07-17T18:24:13.062Z] >>> [apiv2][(partial)header] GET https://serviceusage.googleapis.com/v1/projects/easymlb/services/cloudbuild.googleapis.com x-goog-quota-user=projects/easymlb
[debug] [2024-07-17T18:24:13.063Z] >>> [apiv2][query] GET https://serviceusage.googleapis.com/v1/projects/easymlb/services/artifactregistry.googleapis.com [none]
[debug] [2024-07-17T18:24:13.063Z] >>> [apiv2][(partial)header] GET https://serviceusage.googleapis.com/v1/projects/easymlb/services/artifactregistry.googleapis.com x-goog-quota-user=projects/easymlb
[debug] [2024-07-17T18:24:13.319Z] <<< [apiv2][status] GET https://serviceusage.googleapis.com/v1/projects/easymlb/services/runtimeconfig.googleapis.com 200
[debug] [2024-07-17T18:24:13.319Z] <<< [apiv2][body] GET https://serviceusage.googleapis.com/v1/projects/easymlb/services/runtimeconfig.googleapis.com [omitted]
[debug] [2024-07-17T18:24:13.323Z] <<< [apiv2][status] GET https://serviceusage.googleapis.com/v1/projects/easymlb/services/cloudbuild.googleapis.com 200
[debug] [2024-07-17T18:24:13.323Z] <<< [apiv2][body] GET https://serviceusage.googleapis.com/v1/projects/easymlb/services/cloudbuild.googleapis.com [omitted]
[info] ✔  functions: required API cloudbuild.googleapis.com is enabled 
[debug] [2024-07-17T18:24:13.324Z] <<< [apiv2][status] GET https://serviceusage.googleapis.com/v1/projects/easymlb/services/cloudfunctions.googleapis.com 200
[debug] [2024-07-17T18:24:13.325Z] <<< [apiv2][body] GET https://serviceusage.googleapis.com/v1/projects/easymlb/services/cloudfunctions.googleapis.com [omitted]
[info] ✔  functions: required API cloudfunctions.googleapis.com is enabled 
[debug] [2024-07-17T18:24:13.325Z] <<< [apiv2][status] GET https://serviceusage.googleapis.com/v1/projects/easymlb/services/artifactregistry.googleapis.com 200
[debug] [2024-07-17T18:24:13.325Z] <<< [apiv2][body] GET https://serviceusage.googleapis.com/v1/projects/easymlb/services/artifactregistry.googleapis.com [omitted]
[info] ✔  artifactregistry: required API artifactregistry.googleapis.com is enabled 
[debug] [2024-07-17T18:24:13.325Z] >>> [apiv2][query] GET https://firebase.googleapis.com/v1beta1/projects/easymlb/adminSdkConfig [none]
[debug] [2024-07-17T18:24:13.448Z] <<< [apiv2][status] GET https://firebase.googleapis.com/v1beta1/projects/easymlb/adminSdkConfig 200
[debug] [2024-07-17T18:24:13.448Z] <<< [apiv2][body] GET https://firebase.googleapis.com/v1beta1/projects/easymlb/adminSdkConfig {"projectId":"easymlb","storageBucket":"easymlb.appspot.com"}
[debug] [2024-07-17T18:24:13.449Z] >>> [apiv2][query] GET https://runtimeconfig.googleapis.com/v1beta1/projects/easymlb/configs [none]
[debug] [2024-07-17T18:24:13.578Z] <<< [apiv2][status] GET https://runtimeconfig.googleapis.com/v1beta1/projects/easymlb/configs 200
[debug] [2024-07-17T18:24:13.578Z] <<< [apiv2][body] GET https://runtimeconfig.googleapis.com/v1beta1/projects/easymlb/configs {}
[debug] [2024-07-17T18:24:13.578Z] Validating nodejs source
[warn] ⚠  functions: package.json indicates an outdated version of firebase-functions. Please upgrade using npm install --save firebase-functions@latest in your functions directory. 
[warn] ⚠  functions: Please note that there will be breaking changes when you upgrade. 
[debug] [2024-07-17T18:24:13.863Z] > [functions] package.json contents: {
  "name": "easymlb",
  "version": "0.0.0",
  "private": true,
  "dependencies": {
    "firebase-frameworks": "^0.11.0",
    "firebase-functions": "^4.5.0",
    "firebase-admin": "^11.11.1"
  },
  "main": "server.js",
  "engines": {
    "node": "20"
  }
}
[debug] [2024-07-17T18:24:13.863Z] Building nodejs source
[info] i  functions: Loading and analyzing source code for codebase firebase-frameworks-easymlb to determine what to deploy 
[debug] [2024-07-17T18:24:13.863Z] Could not find functions.yaml. Must use http discovery
[debug] [2024-07-17T18:24:13.867Z] Found firebase-functions binary at '/Users/noahlist/Desktop/easymlb/.firebase/easymlb/functions/node_modules/.bin/firebase-functions'
[info] Serving at port 8755

[debug] [2024-07-17T18:24:14.214Z] Got response from /__/functions.yaml {"endpoints":{"ssreasymlb":{"availableMemoryMb":null,"timeoutSeconds":null,"minInstances":null,"maxInstances":null,"ingressSettings":null,"concurrency":null,"serviceAccountEmail":null,"vpc":null,"platform":"gcfv2","region":["us-central1"],"labels":{},"httpsTrigger":{},"entryPoint":"ssreasymlb"}},"specVersion":"v1alpha1","requiredAPIs":[]}
[info] i  functions: Loaded environment variables from .env. 
[info] i  functions: preparing .firebase/easymlb/functions directory for uploading... 
[info] i  functions: packaged /Users/noahlist/Desktop/easymlb/.firebase/easymlb/functions (1.21 MB) for uploading 
[debug] [2024-07-17T18:24:19.307Z] >>> [apiv2][query] GET https://cloudfunctions.googleapis.com/v1/projects/easymlb/locations/-/functions [none]
[debug] [2024-07-17T18:24:19.731Z] <<< [apiv2][status] GET https://cloudfunctions.googleapis.com/v1/projects/easymlb/locations/-/functions 200
[debug] [2024-07-17T18:24:19.731Z] <<< [apiv2][body] GET https://cloudfunctions.googleapis.com/v1/projects/easymlb/locations/-/functions {}
[debug] [2024-07-17T18:24:19.732Z] >>> [apiv2][query] GET https://cloudfunctions.googleapis.com/v2/projects/easymlb/locations/-/functions filter=environment%3D%22GEN_2%22
[debug] [2024-07-17T18:24:20.127Z] <<< [apiv2][status] GET https://cloudfunctions.googleapis.com/v2/projects/easymlb/locations/-/functions 200
[debug] [2024-07-17T18:24:20.128Z] <<< [apiv2][body] GET https://cloudfunctions.googleapis.com/v2/projects/easymlb/locations/-/functions {"functions":[{"name":"projects/easymlb/locations/us-central1/functions/ssreasymlb","buildConfig":{"build":"projects/1017316832240/locations/us-central1/builds/9db4e6fb-3ccb-452d-a37c-50f857ca66a8","runtime":"nodejs20","entryPoint":"ssreasymlb","source":{"storageSource":{"bucket":"gcf-v2-sources-1017316832240-us-central1","object":"ssreasymlb/function-source.zip","generation":"1721239282481263"}},"environmentVariables":{"GOOGLE_NODE_RUN_SCRIPTS":""},"dockerRepository":"projects/easymlb/locations/us-central1/repositories/gcf-artifacts","sourceProvenance":{"resolvedStorageSource":{"bucket":"gcf-v2-sources-1017316832240-us-central1","object":"ssreasymlb/function-source.zip","generation":"1721239282481263"}},"dockerRegistry":"ARTIFACT_REGISTRY","automaticUpdatePolicy":{}},"serviceConfig":{"service":"projects/easymlb/locations/us-central1/services/ssreasymlb","timeoutSeconds":60,"environmentVariables":{"__NG_BROWSER_OUTPUT_PATH__":"dist/card-app/browser","__FIREBASE_FRAMEWORKS_ENTRY__":"angular","__FIREBASE_DEFAULTS__":"{\"config\":{\"projectId\":\"easymlb\",\"appId\":\"1:1017316832240:web:f3f2a25da0aa48a358a335\",\"storageBucket\":\"easymlb.appspot.com\",\"apiKey\":\"AIzaSyAF1CqLV-j9llzf2lnT-7gAEsE924KPVhc\",\"authDomain\":\"easymlb.firebaseapp.com\",\"messagingSenderId\":\"1017316832240\",\"measurementId\":\"G-R28VJYZKWF\"},\"_authTokenSyncURL\":\"/__session\"}","FIREBASE_CONFIG":"{\"projectId\":\"easymlb\",\"storageBucket\":\"easymlb.appspot.com\"}","GCLOUD_PROJECT":"easymlb","EVENTARC_CLOUD_EVENT_SOURCE":"projects/easymlb/locations/us-central1/services/ssreasymlb","FUNCTION_TARGET":"ssreasymlb","LOG_EXECUTION_ID":"true"},"maxInstanceCount":100,"ingressSettings":"ALLOW_ALL","uri":"https://ssreasymlb-jbxukw4kmq-uc.a.run.app","serviceAccountEmail":"1017316832240-compute@developer.gserviceaccount.com","availableMemory":"256Mi","allTrafficOnLatestRevision":true,"revision":"ssreasymlb-00027-kad","maxInstanceRequestConcurrency":80,"availableCpu":"1"},"state":"ACTIVE","updateTime":"2024-07-17T18:03:14.540445677Z","labels":{"deployment-tool":"cli-firebase","firebase-functions-codebase":"firebase-frameworks-easymlb","firebase-functions-hash":"4e0b6a1cd9b9639459cdad41d1a33779eef7828e"},"environment":"GEN_2","url":"https://us-central1-easymlb.cloudfunctions.net/ssreasymlb","createTime":"2024-06-29T04:11:46.614871379Z"}]}
[info] i  functions: ensuring required API run.googleapis.com is enabled... 
[info] i  functions: ensuring required API eventarc.googleapis.com is enabled... 
[info] i  functions: ensuring required API pubsub.googleapis.com is enabled... 
[info] i  functions: ensuring required API storage.googleapis.com is enabled... 
[debug] [2024-07-17T18:24:20.132Z] >>> [apiv2][query] GET https://serviceusage.googleapis.com/v1/projects/easymlb/services/run.googleapis.com [none]
[debug] [2024-07-17T18:24:20.132Z] >>> [apiv2][(partial)header] GET https://serviceusage.googleapis.com/v1/projects/easymlb/services/run.googleapis.com x-goog-quota-user=projects/easymlb
[debug] [2024-07-17T18:24:20.135Z] >>> [apiv2][query] GET https://serviceusage.googleapis.com/v1/projects/easymlb/services/eventarc.googleapis.com [none]
[debug] [2024-07-17T18:24:20.135Z] >>> [apiv2][(partial)header] GET https://serviceusage.googleapis.com/v1/projects/easymlb/services/eventarc.googleapis.com x-goog-quota-user=projects/easymlb
[debug] [2024-07-17T18:24:20.137Z] >>> [apiv2][query] GET https://serviceusage.googleapis.com/v1/projects/easymlb/services/pubsub.googleapis.com [none]
[debug] [2024-07-17T18:24:20.137Z] >>> [apiv2][(partial)header] GET https://serviceusage.googleapis.com/v1/projects/easymlb/services/pubsub.googleapis.com x-goog-quota-user=projects/easymlb
[debug] [2024-07-17T18:24:20.139Z] >>> [apiv2][query] GET https://serviceusage.googleapis.com/v1/projects/easymlb/services/storage.googleapis.com [none]
[debug] [2024-07-17T18:24:20.139Z] >>> [apiv2][(partial)header] GET https://serviceusage.googleapis.com/v1/projects/easymlb/services/storage.googleapis.com x-goog-quota-user=projects/easymlb
[debug] [2024-07-17T18:24:20.361Z] <<< [apiv2][status] GET https://serviceusage.googleapis.com/v1/projects/easymlb/services/pubsub.googleapis.com 200
[debug] [2024-07-17T18:24:20.362Z] <<< [apiv2][body] GET https://serviceusage.googleapis.com/v1/projects/easymlb/services/pubsub.googleapis.com [omitted]
[info] ✔  functions: required API pubsub.googleapis.com is enabled 
[debug] [2024-07-17T18:24:20.363Z] <<< [apiv2][status] GET https://serviceusage.googleapis.com/v1/projects/easymlb/services/run.googleapis.com 200
[debug] [2024-07-17T18:24:20.363Z] <<< [apiv2][body] GET https://serviceusage.googleapis.com/v1/projects/easymlb/services/run.googleapis.com [omitted]
[info] ✔  functions: required API run.googleapis.com is enabled 
[debug] [2024-07-17T18:24:20.397Z] <<< [apiv2][status] GET https://serviceusage.googleapis.com/v1/projects/easymlb/services/eventarc.googleapis.com 200
[debug] [2024-07-17T18:24:20.397Z] <<< [apiv2][body] GET https://serviceusage.googleapis.com/v1/projects/easymlb/services/eventarc.googleapis.com [omitted]
[info] ✔  functions: required API eventarc.googleapis.com is enabled 
[debug] [2024-07-17T18:24:20.404Z] <<< [apiv2][status] GET https://serviceusage.googleapis.com/v1/projects/easymlb/services/storage.googleapis.com 200
[debug] [2024-07-17T18:24:20.404Z] <<< [apiv2][body] GET https://serviceusage.googleapis.com/v1/projects/easymlb/services/storage.googleapis.com [omitted]
[info] ✔  functions: required API storage.googleapis.com is enabled 
[info] i  functions: generating the service identity for pubsub.googleapis.com... 
[info] i  functions: generating the service identity for eventarc.googleapis.com... 
[debug] [2024-07-17T18:24:20.405Z] >>> [apiv2][query] POST https://serviceusage.googleapis.com/v1beta1/projects/1017316832240/services/pubsub.googleapis.com:generateServiceIdentity [none]
[debug] [2024-07-17T18:24:20.405Z] >>> [apiv2][query] POST https://serviceusage.googleapis.com/v1beta1/projects/1017316832240/services/eventarc.googleapis.com:generateServiceIdentity [none]
[debug] [2024-07-17T18:24:20.660Z] <<< [apiv2][status] POST https://serviceusage.googleapis.com/v1beta1/projects/1017316832240/services/pubsub.googleapis.com:generateServiceIdentity 200
[debug] [2024-07-17T18:24:20.660Z] <<< [apiv2][body] POST https://serviceusage.googleapis.com/v1beta1/projects/1017316832240/services/pubsub.googleapis.com:generateServiceIdentity {"name":"operations/finished.DONE_OPERATION","done":true,"response":{"@type":"type.googleapis.com/google.api.serviceusage.v1beta1.ServiceIdentity","email":"service-1017316832240@gcp-sa-pubsub.iam.gserviceaccount.com","uniqueId":"100221515866872837430"}}
[debug] [2024-07-17T18:24:20.696Z] <<< [apiv2][status] POST https://serviceusage.googleapis.com/v1beta1/projects/1017316832240/services/eventarc.googleapis.com:generateServiceIdentity 200
[debug] [2024-07-17T18:24:20.696Z] <<< [apiv2][body] POST https://serviceusage.googleapis.com/v1beta1/projects/1017316832240/services/eventarc.googleapis.com:generateServiceIdentity {"name":"operations/finished.DONE_OPERATION","done":true,"response":{"@type":"type.googleapis.com/google.api.serviceusage.v1beta1.ServiceIdentity","email":"service-1017316832240@gcp-sa-eventarc.iam.gserviceaccount.com","uniqueId":"115540868545447552458"}}
[debug] [2024-07-17T18:24:20.699Z] >>> [apiv2][query] GET https://firebase.googleapis.com/v1beta1/projects/easymlb [none]
[debug] [2024-07-17T18:24:20.791Z] <<< [apiv2][status] GET https://firebase.googleapis.com/v1beta1/projects/easymlb 200
[debug] [2024-07-17T18:24:20.791Z] <<< [apiv2][body] GET https://firebase.googleapis.com/v1beta1/projects/easymlb {"projectId":"easymlb","projectNumber":"1017316832240","displayName":"easymlb","name":"projects/easymlb","resources":{"hostingSite":"easymlb"},"state":"ACTIVE","etag":"1_325151e3-a0c6-40ea-862c-322b062c2d43"}
[debug] [2024-07-17T18:24:20.794Z] >>> [apiv2][query] POST https://firebasehosting.googleapis.com/v1beta1/projects/-/sites/easymlb/versions [none]
[debug] [2024-07-17T18:24:20.794Z] >>> [apiv2][body] POST https://firebasehosting.googleapis.com/v1beta1/projects/-/sites/easymlb/versions {"status":"CREATED","labels":{"deployment-tool":"cli-firebase","firebase-web-framework":"angular_ssr"}}
[debug] [2024-07-17T18:24:21.225Z] <<< [apiv2][status] POST https://firebasehosting.googleapis.com/v1beta1/projects/-/sites/easymlb/versions 200
[debug] [2024-07-17T18:24:21.225Z] <<< [apiv2][body] POST https://firebasehosting.googleapis.com/v1beta1/projects/-/sites/easymlb/versions {"name":"projects/1017316832240/sites/easymlb/versions/ca6a3de3b0eabf25","status":"CREATED","config":{},"labels":{"firebase-web-framework":"angular_ssr","deployment-tool":"cli-firebase"}}
[debug] [2024-07-17T18:24:21.226Z] >>> [apiv2][query] POST https://cloudfunctions.googleapis.com/v2/projects/easymlb/locations/us-central1/functions:generateUploadUrl [none]
[debug] [2024-07-17T18:24:21.467Z] <<< [apiv2][status] POST https://cloudfunctions.googleapis.com/v2/projects/easymlb/locations/us-central1/functions:generateUploadUrl 200
[debug] [2024-07-17T18:24:21.468Z] <<< [apiv2][body] POST https://cloudfunctions.googleapis.com/v2/projects/easymlb/locations/us-central1/functions:generateUploadUrl {"uploadUrl":"https://storage.googleapis.com/gcf-v2-uploads-1017316832240-us-central1/944c821f-037c-46f6-8eab-0cb3d87ef9aa.zip?GoogleAccessId=service-1017316832240@gcf-admin-robot.iam.gserviceaccount.com&Expires=1721242461&Signature=FYX%2BexkbujuszwsSVUc2s8hG5qjDkM6o3MpzXGQ8lhAJd6wwkvd9ry5o5lHxf8BvVv8ht5XwCZ%2FvvvIBGGdFca9qnDVFZK4aocl6OI1RqLgFxz4MfjuBQYMFG91DJlcxXM6amAa4ADwLq34svt2KugC3B31FNo0eKZewG07zaGFB9CKU9nrcD2TJ%2FQlYJgeF3EUwh13ONcSd3ostV%2F5ginONaui8B5Ss9GQQctzNYWS4jJO5hLigM8aifmqJciCI7AwXAr6bHSgfCGRnpkXmoJNCVcIb15zckgndm5abzcAHWomqpyEAy3LAFYy%2FVNDocdaYpMTQm2yD8bkofTuwnA%3D%3D","storageSource":{"bucket":"gcf-v2-uploads-1017316832240-us-central1","object":"944c821f-037c-46f6-8eab-0cb3d87ef9aa.zip"}}
[debug] [2024-07-17T18:24:21.469Z] >>> [apiv2][query] PUT https://storage.googleapis.com/gcf-v2-uploads-1017316832240-us-central1/944c821f-037c-46f6-8eab-0cb3d87ef9aa.zip GoogleAccessId=service-1017316832240%40gcf-admin-robot.iam.gserviceaccount.com&Expires=1721242461&Signature=FYX%2BexkbujuszwsSVUc2s8hG5qjDkM6o3MpzXGQ8lhAJd6wwkvd9ry5o5lHxf8BvVv8ht5XwCZ%2FvvvIBGGdFca9qnDVFZK4aocl6OI1RqLgFxz4MfjuBQYMFG91DJlcxXM6amAa4ADwLq34svt2KugC3B31FNo0eKZewG07zaGFB9CKU9nrcD2TJ%2FQlYJgeF3EUwh13ONcSd3ostV%2F5ginONaui8B5Ss9GQQctzNYWS4jJO5hLigM8aifmqJciCI7AwXAr6bHSgfCGRnpkXmoJNCVcIb15zckgndm5abzcAHWomqpyEAy3LAFYy%2FVNDocdaYpMTQm2yD8bkofTuwnA%3D%3D
[debug] [2024-07-17T18:24:21.469Z] >>> [apiv2][body] PUT https://storage.googleapis.com/gcf-v2-uploads-1017316832240-us-central1/944c821f-037c-46f6-8eab-0cb3d87ef9aa.zip [stream]
[debug] [2024-07-17T18:24:21.711Z] <<< [apiv2][status] PUT https://storage.googleapis.com/gcf-v2-uploads-1017316832240-us-central1/944c821f-037c-46f6-8eab-0cb3d87ef9aa.zip 200
[debug] [2024-07-17T18:24:21.711Z] <<< [apiv2][body] PUT https://storage.googleapis.com/gcf-v2-uploads-1017316832240-us-central1/944c821f-037c-46f6-8eab-0cb3d87ef9aa.zip [omitted]
[info] ✔  functions: .firebase/easymlb/functions folder uploaded successfully 
[info] i  hosting[easymlb]: beginning deploy... 
[info] i  hosting[easymlb]: found 4 files in .firebase/easymlb/hosting 
[debug] [2024-07-17T18:24:21.718Z] [hosting] uploading with 200 concurrency
[debug] [2024-07-17T18:24:21.755Z] [hosting] hash cache [LmZpcmViYXNlL2Vhc3ltbGIvaG9zdGluZw] stored for 4 files
[debug] [2024-07-17T18:24:21.756Z] [hosting][hash queue][FINAL] {"max":33,"min":4,"avg":11.75,"active":0,"complete":4,"success":4,"errored":0,"retried":0,"total":4,"elapsed":35}
[debug] [2024-07-17T18:24:21.756Z] >>> [apiv2][query] POST https://firebasehosting.googleapis.com/v1beta1/projects/1017316832240/sites/easymlb/versions/ca6a3de3b0eabf25:populateFiles [none]
[debug] [2024-07-17T18:24:21.756Z] >>> [apiv2][body] POST https://firebasehosting.googleapis.com/v1beta1/projects/1017316832240/sites/easymlb/versions/ca6a3de3b0eabf25:populateFiles {"files":{"/index.html":"06645584df90c65aae3afdc3bf84ffc17bdbeb417bbf304ec41f0db62bdcee99","/polyfills-RT5I6R6G.js":"b36c4d0ed467c1c4e527b2177b57fea97e6e116110ce6586dfbe6605900b71d3","/styles-WRDITA3B.css":"f5d0ed6e2bde6848711c7ea79be4cb96e788e7cc97afc77bd9567bbbbc83a0c0","/main-YM3GLJBC.js":"c55e7890f136c6d2ebcc65bb36028e301646c915eb62ad10e15377aef3b9e79f"}}
[debug] [2024-07-17T18:24:21.885Z] <<< [apiv2][status] POST https://firebasehosting.googleapis.com/v1beta1/projects/1017316832240/sites/easymlb/versions/ca6a3de3b0eabf25:populateFiles 200
[debug] [2024-07-17T18:24:21.885Z] <<< [apiv2][body] POST https://firebasehosting.googleapis.com/v1beta1/projects/1017316832240/sites/easymlb/versions/ca6a3de3b0eabf25:populateFiles {"uploadRequiredHashes":["c55e7890f136c6d2ebcc65bb36028e301646c915eb62ad10e15377aef3b9e79f","06645584df90c65aae3afdc3bf84ffc17bdbeb417bbf304ec41f0db62bdcee99"],"uploadUrl":"https://upload-firebasehosting.googleapis.com/upload/sites/easymlb/versions/ca6a3de3b0eabf25/files"}
[debug] [2024-07-17T18:24:21.886Z] >>> [apiv2][query] POST https://upload-firebasehosting.googleapis.com/upload/sites/easymlb/versions/ca6a3de3b0eabf25/files/c55e7890f136c6d2ebcc65bb36028e301646c915eb62ad10e15377aef3b9e79f [none]
[debug] [2024-07-17T18:24:21.886Z] >>> [apiv2][body] POST https://upload-firebasehosting.googleapis.com/upload/sites/easymlb/versions/ca6a3de3b0eabf25/files/c55e7890f136c6d2ebcc65bb36028e301646c915eb62ad10e15377aef3b9e79f [stream]
[debug] [2024-07-17T18:24:21.887Z] >>> [apiv2][query] POST https://upload-firebasehosting.googleapis.com/upload/sites/easymlb/versions/ca6a3de3b0eabf25/files/06645584df90c65aae3afdc3bf84ffc17bdbeb417bbf304ec41f0db62bdcee99 [none]
[debug] [2024-07-17T18:24:21.887Z] >>> [apiv2][body] POST https://upload-firebasehosting.googleapis.com/upload/sites/easymlb/versions/ca6a3de3b0eabf25/files/06645584df90c65aae3afdc3bf84ffc17bdbeb417bbf304ec41f0db62bdcee99 [stream]
[debug] [2024-07-17T18:24:21.888Z] [hosting][populate queue][FINAL] {"max":131,"min":131,"avg":131,"active":0,"complete":1,"success":1,"errored":0,"retried":0,"total":1,"elapsed":133}
[debug] [2024-07-17T18:24:21.888Z] [hosting] uploads queued: 2
[debug] [2024-07-17T18:24:22.340Z] <<< [apiv2][status] POST https://upload-firebasehosting.googleapis.com/upload/sites/easymlb/versions/ca6a3de3b0eabf25/files/c55e7890f136c6d2ebcc65bb36028e301646c915eb62ad10e15377aef3b9e79f 200
[debug] [2024-07-17T18:24:22.340Z] <<< [apiv2][body] POST https://upload-firebasehosting.googleapis.com/upload/sites/easymlb/versions/ca6a3de3b0eabf25/files/c55e7890f136c6d2ebcc65bb36028e301646c915eb62ad10e15377aef3b9e79f [stream]
[debug] [2024-07-17T18:24:22.590Z] <<< [apiv2][status] POST https://upload-firebasehosting.googleapis.com/upload/sites/easymlb/versions/ca6a3de3b0eabf25/files/06645584df90c65aae3afdc3bf84ffc17bdbeb417bbf304ec41f0db62bdcee99 200
[debug] [2024-07-17T18:24:22.590Z] <<< [apiv2][body] POST https://upload-firebasehosting.googleapis.com/upload/sites/easymlb/versions/ca6a3de3b0eabf25/files/06645584df90c65aae3afdc3bf84ffc17bdbeb417bbf304ec41f0db62bdcee99 [stream]
[debug] [2024-07-17T18:24:22.590Z] [hosting][upload queue][FINAL] {"max":704,"min":456,"avg":580,"active":0,"complete":2,"success":2,"errored":0,"retried":0,"total":2,"elapsed":705}
[info] ✔  hosting[easymlb]: file upload complete 
[debug] [2024-07-17T18:24:22.591Z] [hosting] deploy completed after 877ms
[info] i  functions: updating Node.js 20 (2nd Gen) function firebase-frameworks-easymlb:ssreasymlb(us-central1)... 
[debug] [2024-07-17T18:24:22.594Z] >>> [apiv2][query] PATCH https://cloudfunctions.googleapis.com/v2/projects/easymlb/locations/us-central1/functions/ssreasymlb updateMask=name%2CbuildConfig.runtime%2CbuildConfig.entryPoint%2CbuildConfig.source.storageSource.bucket%2CbuildConfig.source.storageSource.object%2CbuildConfig.environmentVariables%2CbuildConfig.sourceToken%2CserviceConfig.environmentVariables%2CserviceConfig.ingressSettings%2CserviceConfig.timeoutSeconds%2CserviceConfig.serviceAccountEmail%2CserviceConfig.availableMemory%2CserviceConfig.minInstanceCount%2CserviceConfig.maxInstanceCount%2CserviceConfig.maxInstanceRequestConcurrency%2CserviceConfig.availableCpu%2CserviceConfig.vpcConnector%2CserviceConfig.vpcConnectorEgressSettings%2Clabels%2CbuildConfig.buildEnvironmentVariables
[debug] [2024-07-17T18:24:22.594Z] >>> [apiv2][body] PATCH https://cloudfunctions.googleapis.com/v2/projects/easymlb/locations/us-central1/functions/ssreasymlb {"name":"projects/easymlb/locations/us-central1/functions/ssreasymlb","buildConfig":{"runtime":"nodejs20","entryPoint":"ssreasymlb","source":{"storageSource":{"bucket":"gcf-v2-uploads-1017316832240-us-central1","object":"944c821f-037c-46f6-8eab-0cb3d87ef9aa.zip"}},"environmentVariables":{"GOOGLE_NODE_RUN_SCRIPTS":""}},"serviceConfig":{"environmentVariables":{"__NG_BROWSER_OUTPUT_PATH__":"dist/card-app/browser","__FIREBASE_FRAMEWORKS_ENTRY__":"angular","__FIREBASE_DEFAULTS__":"{\"config\":{\"projectId\":\"easymlb\",\"appId\":\"1:1017316832240:web:f3f2a25da0aa48a358a335\",\"storageBucket\":\"easymlb.appspot.com\",\"apiKey\":\"AIzaSyAF1CqLV-j9llzf2lnT-7gAEsE924KPVhc\",\"authDomain\":\"easymlb.firebaseapp.com\",\"messagingSenderId\":\"1017316832240\",\"measurementId\":\"G-R28VJYZKWF\"},\"_authTokenSyncURL\":\"/__session\"}","FIREBASE_CONFIG":"{\"projectId\":\"easymlb\",\"storageBucket\":\"easymlb.appspot.com\"}","GCLOUD_PROJECT":"easymlb","EVENTARC_CLOUD_EVENT_SOURCE":"projects/easymlb/locations/us-central1/services/ssreasymlb","FUNCTION_TARGET":"ssreasymlb"},"ingressSettings":null,"timeoutSeconds":null,"serviceAccountEmail":null,"availableMemory":"256Mi","minInstanceCount":null,"maxInstanceCount":null,"maxInstanceRequestConcurrency":80,"availableCpu":"1","vpcConnector":null,"vpcConnectorEgressSettings":null},"labels":{"deployment-tool":"cli-firebase","firebase-functions-codebase":"firebase-frameworks-easymlb","firebase-functions-hash":"678aa94972af3bb58a0a4069d604553a3c7645af"}}
[debug] [2024-07-17T18:24:23.605Z] <<< [apiv2][status] PATCH https://cloudfunctions.googleapis.com/v2/projects/easymlb/locations/us-central1/functions/ssreasymlb 200
[debug] [2024-07-17T18:24:23.606Z] <<< [apiv2][body] PATCH https://cloudfunctions.googleapis.com/v2/projects/easymlb/locations/us-central1/functions/ssreasymlb {"name":"projects/easymlb/locations/us-central1/operations/operation-1721240662680-61d759245a39b-ed273521-7f263766","metadata":{"@type":"type.googleapis.com/google.cloud.functions.v2.OperationMetadata","createTime":"2024-07-17T18:24:23.593389464Z","target":"projects/easymlb/locations/us-central1/functions/ssreasymlb","verb":"update","cancelRequested":false,"apiVersion":"v2"},"done":false}
[debug] [2024-07-17T18:24:23.607Z] >>> [apiv2][query] GET https://cloudfunctions.googleapis.com/v2/projects/easymlb/locations/us-central1/operations/operation-1721240662680-61d759245a39b-ed273521-7f263766 [none]
[debug] [2024-07-17T18:24:23.684Z] <<< [apiv2][status] GET https://cloudfunctions.googleapis.com/v2/projects/easymlb/locations/us-central1/operations/operation-1721240662680-61d759245a39b-ed273521-7f263766 200
[debug] [2024-07-17T18:24:23.684Z] <<< [apiv2][body] GET https://cloudfunctions.googleapis.com/v2/projects/easymlb/locations/us-central1/operations/operation-1721240662680-61d759245a39b-ed273521-7f263766 {"name":"projects/easymlb/locations/us-central1/operations/operation-1721240662680-61d759245a39b-ed273521-7f263766","metadata":{"@type":"type.googleapis.com/google.cloud.functions.v2.OperationMetadata","createTime":"2024-07-17T18:24:23.593389464Z","target":"projects/easymlb/locations/us-central1/functions/ssreasymlb","verb":"update","cancelRequested":false,"apiVersion":"v2"},"done":false}
[debug] [2024-07-17T18:24:24.190Z] [update-firebase-frameworks-easymlb-us-central1-ssreasymlb] Retrying task index 0
[debug] [2024-07-17T18:24:24.191Z] >>> [apiv2][query] GET https://cloudfunctions.googleapis.com/v2/projects/easymlb/locations/us-central1/operations/operation-1721240662680-61d759245a39b-ed273521-7f263766 [none]
[debug] [2024-07-17T18:24:24.269Z] <<< [apiv2][status] GET https://cloudfunctions.googleapis.com/v2/projects/easymlb/locations/us-central1/operations/operation-1721240662680-61d759245a39b-ed273521-7f263766 200
[debug] [2024-07-17T18:24:24.269Z] <<< [apiv2][body] GET https://cloudfunctions.googleapis.com/v2/projects/easymlb/locations/us-central1/operations/operation-1721240662680-61d759245a39b-ed273521-7f263766 {"name":"projects/easymlb/locations/us-central1/operations/operation-1721240662680-61d759245a39b-ed273521-7f263766","metadata":{"@type":"type.googleapis.com/google.cloud.functions.v2.OperationMetadata","createTime":"2024-07-17T18:24:23.593389464Z","target":"projects/easymlb/locations/us-central1/functions/ssreasymlb","verb":"update","cancelRequested":false,"apiVersion":"v2","requestResource":{"@type":"type.googleapis.com/google.cloud.functions.v2.Function","name":"projects/easymlb/locations/us-central1/functions/ssreasymlb","buildConfig":{"runtime":"nodejs20","entryPoint":"ssreasymlb","source":{"storageSource":{"bucket":"gcf-v2-sources-1017316832240-us-central1","object":"ssreasymlb/function-source.zip","generation":"1721240663533758"}},"environmentVariables":{"GOOGLE_NODE_RUN_SCRIPTS":""},"dockerRepository":"projects/easymlb/locations/us-central1/repositories/gcf-artifacts","sourceProvenance":{"resolvedStorageSource":{"bucket":"gcf-v2-sources-1017316832240-us-central1","object":"ssreasymlb/function-source.zip","generation":"1721239282481263"}},"dockerRegistry":"ARTIFACT_REGISTRY","automaticUpdatePolicy":{}},"serviceConfig":{"service":"projects/easymlb/locations/us-central1/services/ssreasymlb","timeoutSeconds":60,"environmentVariables":{"__NG_BROWSER_OUTPUT_PATH__":"dist/card-app/browser","__FIREBASE_FRAMEWORKS_ENTRY__":"angular","__FIREBASE_DEFAULTS__":"{\"config\":{\"projectId\":\"easymlb\",\"appId\":\"1:1017316832240:web:f3f2a25da0aa48a358a335\",\"storageBucket\":\"easymlb.appspot.com\",\"apiKey\":\"AIzaSyAF1CqLV-j9llzf2lnT-7gAEsE924KPVhc\",\"authDomain\":\"easymlb.firebaseapp.com\",\"messagingSenderId\":\"1017316832240\",\"measurementId\":\"G-R28VJYZKWF\"},\"_authTokenSyncURL\":\"/__session\"}","FIREBASE_CONFIG":"{\"projectId\":\"easymlb\",\"storageBucket\":\"easymlb.appspot.com\"}","GCLOUD_PROJECT":"easymlb","EVENTARC_CLOUD_EVENT_SOURCE":"projects/easymlb/locations/us-central1/services/ssreasymlb","FUNCTION_TARGET":"ssreasymlb","LOG_EXECUTION_ID":"true"},"ingressSettings":"ALLOW_ALL","uri":"https://ssreasymlb-jbxukw4kmq-uc.a.run.app","serviceAccountEmail":"1017316832240-compute@developer.gserviceaccount.com","availableMemory":"256Mi","allTrafficOnLatestRevision":true,"revision":"ssreasymlb-00027-kad","maxInstanceRequestConcurrency":80,"availableCpu":"1"},"state":"ACTIVE","labels":{"deployment-tool":"cloudfunctions","firebase-functions-codebase":"firebase-frameworks-easymlb","firebase-functions-hash":"678aa94972af3bb58a0a4069d604553a3c7645af"},"environment":"GEN_2","url":"https://us-central1-easymlb.cloudfunctions.net/ssreasymlb"},"stages":[{"name":"BUILD","state":"NOT_STARTED"},{"name":"SERVICE","state":"NOT_STARTED"}],"operationType":"UPDATE_FUNCTION"},"done":false}
[debug] [2024-07-17T18:24:25.271Z] [update-firebase-frameworks-easymlb-us-central1-ssreasymlb] Retrying task index 0
[debug] [2024-07-17T18:24:25.272Z] >>> [apiv2][query] GET https://cloudfunctions.googleapis.com/v2/projects/easymlb/locations/us-central1/operations/operation-1721240662680-61d759245a39b-ed273521-7f263766 [none]
[debug] [2024-07-17T18:24:25.415Z] <<< [apiv2][status] GET https://cloudfunctions.googleapis.com/v2/projects/easymlb/locations/us-central1/operations/operation-1721240662680-61d759245a39b-ed273521-7f263766 200
[debug] [2024-07-17T18:24:25.418Z] <<< [apiv2][body] GET https://cloudfunctions.googleapis.com/v2/projects/easymlb/locations/us-central1/operations/operation-1721240662680-61d759245a39b-ed273521-7f263766 {"name":"projects/easymlb/locations/us-central1/operations/operation-1721240662680-61d759245a39b-ed273521-7f263766","metadata":{"@type":"type.googleapis.com/google.cloud.functions.v2.OperationMetadata","createTime":"2024-07-17T18:24:23.593389464Z","target":"projects/easymlb/locations/us-central1/functions/ssreasymlb","verb":"update","cancelRequested":false,"apiVersion":"v2","requestResource":{"@type":"type.googleapis.com/google.cloud.functions.v2.Function","name":"projects/easymlb/locations/us-central1/functions/ssreasymlb","buildConfig":{"runtime":"nodejs20","entryPoint":"ssreasymlb","source":{"storageSource":{"bucket":"gcf-v2-sources-1017316832240-us-central1","object":"ssreasymlb/function-source.zip","generation":"1721240663533758"}},"environmentVariables":{"GOOGLE_NODE_RUN_SCRIPTS":""},"dockerRepository":"projects/easymlb/locations/us-central1/repositories/gcf-artifacts","sourceProvenance":{"resolvedStorageSource":{"bucket":"gcf-v2-sources-1017316832240-us-central1","object":"ssreasymlb/function-source.zip","generation":"1721239282481263"}},"dockerRegistry":"ARTIFACT_REGISTRY","automaticUpdatePolicy":{}},"serviceConfig":{"service":"projects/easymlb/locations/us-central1/services/ssreasymlb","timeoutSeconds":60,"environmentVariables":{"__NG_BROWSER_OUTPUT_PATH__":"dist/card-app/browser","__FIREBASE_FRAMEWORKS_ENTRY__":"angular","__FIREBASE_DEFAULTS__":"{\"config\":{\"projectId\":\"easymlb\",\"appId\":\"1:1017316832240:web:f3f2a25da0aa48a358a335\",\"storageBucket\":\"easymlb.appspot.com\",\"apiKey\":\"AIzaSyAF1CqLV-j9llzf2lnT-7gAEsE924KPVhc\",\"authDomain\":\"easymlb.firebaseapp.com\",\"messagingSenderId\":\"1017316832240\",\"measurementId\":\"G-R28VJYZKWF\"},\"_authTokenSyncURL\":\"/__session\"}","FIREBASE_CONFIG":"{\"projectId\":\"easymlb\",\"storageBucket\":\"easymlb.appspot.com\"}","GCLOUD_PROJECT":"easymlb","EVENTARC_CLOUD_EVENT_SOURCE":"projects/easymlb/locations/us-central1/services/ssreasymlb","FUNCTION_TARGET":"ssreasymlb","LOG_EXECUTION_ID":"true"},"ingressSettings":"ALLOW_ALL","uri":"https://ssreasymlb-jbxukw4kmq-uc.a.run.app","serviceAccountEmail":"1017316832240-compute@developer.gserviceaccount.com","availableMemory":"256Mi","allTrafficOnLatestRevision":true,"revision":"ssreasymlb-00027-kad","maxInstanceRequestConcurrency":80,"availableCpu":"1"},"state":"ACTIVE","labels":{"deployment-tool":"cloudfunctions","firebase-functions-codebase":"firebase-frameworks-easymlb","firebase-functions-hash":"678aa94972af3bb58a0a4069d604553a3c7645af"},"environment":"GEN_2","url":"https://us-central1-easymlb.cloudfunctions.net/ssreasymlb"},"stages":[{"name":"BUILD","message":"Build in progress","state":"IN_PROGRESS","resource":"projects/1017316832240/locations/us-central1/builds/4569d4ad-ec0b-424a-b91a-935d9874d8f9","resourceUri":"https://console.cloud.google.com/cloud-build/builds;region=us-central1/4569d4ad-ec0b-424a-b91a-935d9874d8f9?project=1017316832240"},{"name":"SERVICE","state":"NOT_STARTED"}],"operationType":"UPDATE_FUNCTION"},"done":false}
[debug] [2024-07-17T18:24:27.422Z] [update-firebase-frameworks-easymlb-us-central1-ssreasymlb] Retrying task index 0
[debug] [2024-07-17T18:24:27.423Z] >>> [apiv2][query] GET https://cloudfunctions.googleapis.com/v2/projects/easymlb/locations/us-central1/operations/operation-1721240662680-61d759245a39b-ed273521-7f263766 [none]
[debug] [2024-07-17T18:24:27.512Z] <<< [apiv2][status] GET https://cloudfunctions.googleapis.com/v2/projects/easymlb/locations/us-central1/operations/operation-1721240662680-61d759245a39b-ed273521-7f263766 200
[debug] [2024-07-17T18:24:27.512Z] <<< [apiv2][body] GET https://cloudfunctions.googleapis.com/v2/projects/easymlb/locations/us-central1/operations/operation-1721240662680-61d759245a39b-ed273521-7f263766 {"name":"projects/easymlb/locations/us-central1/operations/operation-1721240662680-61d759245a39b-ed273521-7f263766","metadata":{"@type":"type.googleapis.com/google.cloud.functions.v2.OperationMetadata","createTime":"2024-07-17T18:24:23.593389464Z","target":"projects/easymlb/locations/us-central1/functions/ssreasymlb","verb":"update","cancelRequested":false,"apiVersion":"v2","requestResource":{"@type":"type.googleapis.com/google.cloud.functions.v2.Function","name":"projects/easymlb/locations/us-central1/functions/ssreasymlb","buildConfig":{"runtime":"nodejs20","entryPoint":"ssreasymlb","source":{"storageSource":{"bucket":"gcf-v2-sources-1017316832240-us-central1","object":"ssreasymlb/function-source.zip","generation":"1721240663533758"}},"environmentVariables":{"GOOGLE_NODE_RUN_SCRIPTS":""},"dockerRepository":"projects/easymlb/locations/us-central1/repositories/gcf-artifacts","sourceProvenance":{"resolvedStorageSource":{"bucket":"gcf-v2-sources-1017316832240-us-central1","object":"ssreasymlb/function-source.zip","generation":"1721239282481263"}},"dockerRegistry":"ARTIFACT_REGISTRY","automaticUpdatePolicy":{}},"serviceConfig":{"service":"projects/easymlb/locations/us-central1/services/ssreasymlb","timeoutSeconds":60,"environmentVariables":{"__NG_BROWSER_OUTPUT_PATH__":"dist/card-app/browser","__FIREBASE_FRAMEWORKS_ENTRY__":"angular","__FIREBASE_DEFAULTS__":"{\"config\":{\"projectId\":\"easymlb\",\"appId\":\"1:1017316832240:web:f3f2a25da0aa48a358a335\",\"storageBucket\":\"easymlb.appspot.com\",\"apiKey\":\"AIzaSyAF1CqLV-j9llzf2lnT-7gAEsE924KPVhc\",\"authDomain\":\"easymlb.firebaseapp.com\",\"messagingSenderId\":\"1017316832240\",\"measurementId\":\"G-R28VJYZKWF\"},\"_authTokenSyncURL\":\"/__session\"}","FIREBASE_CONFIG":"{\"projectId\":\"easymlb\",\"storageBucket\":\"easymlb.appspot.com\"}","GCLOUD_PROJECT":"easymlb","EVENTARC_CLOUD_EVENT_SOURCE":"projects/easymlb/locations/us-central1/services/ssreasymlb","FUNCTION_TARGET":"ssreasymlb","LOG_EXECUTION_ID":"true"},"ingressSettings":"ALLOW_ALL","uri":"https://ssreasymlb-jbxukw4kmq-uc.a.run.app","serviceAccountEmail":"1017316832240-compute@developer.gserviceaccount.com","availableMemory":"256Mi","allTrafficOnLatestRevision":true,"revision":"ssreasymlb-00027-kad","maxInstanceRequestConcurrency":80,"availableCpu":"1"},"state":"ACTIVE","labels":{"deployment-tool":"cloudfunctions","firebase-functions-codebase":"firebase-frameworks-easymlb","firebase-functions-hash":"678aa94972af3bb58a0a4069d604553a3c7645af"},"environment":"GEN_2","url":"https://us-central1-easymlb.cloudfunctions.net/ssreasymlb"},"stages":[{"name":"BUILD","message":"Build in progress","state":"IN_PROGRESS","resource":"projects/1017316832240/locations/us-central1/builds/4569d4ad-ec0b-424a-b91a-935d9874d8f9","resourceUri":"https://console.cloud.google.com/cloud-build/builds;region=us-central1/4569d4ad-ec0b-424a-b91a-935d9874d8f9?project=1017316832240"},{"name":"SERVICE","state":"NOT_STARTED"}],"operationType":"UPDATE_FUNCTION"},"done":false}
[debug] [2024-07-17T18:24:31.514Z] [update-firebase-frameworks-easymlb-us-central1-ssreasymlb] Retrying task index 0
[debug] [2024-07-17T18:24:31.516Z] >>> [apiv2][query] GET https://cloudfunctions.googleapis.com/v2/projects/easymlb/locations/us-central1/operations/operation-1721240662680-61d759245a39b-ed273521-7f263766 [none]
[debug] [2024-07-17T18:24:31.591Z] <<< [apiv2][status] GET https://cloudfunctions.googleapis.com/v2/projects/easymlb/locations/us-central1/operations/operation-1721240662680-61d759245a39b-ed273521-7f263766 200
[debug] [2024-07-17T18:24:31.592Z] <<< [apiv2][body] GET https://cloudfunctions.googleapis.com/v2/projects/easymlb/locations/us-central1/operations/operation-1721240662680-61d759245a39b-ed273521-7f263766 {"name":"projects/easymlb/locations/us-central1/operations/operation-1721240662680-61d759245a39b-ed273521-7f263766","metadata":{"@type":"type.googleapis.com/google.cloud.functions.v2.OperationMetadata","createTime":"2024-07-17T18:24:23.593389464Z","target":"projects/easymlb/locations/us-central1/functions/ssreasymlb","verb":"update","cancelRequested":false,"apiVersion":"v2","requestResource":{"@type":"type.googleapis.com/google.cloud.functions.v2.Function","name":"projects/easymlb/locations/us-central1/functions/ssreasymlb","buildConfig":{"runtime":"nodejs20","entryPoint":"ssreasymlb","source":{"storageSource":{"bucket":"gcf-v2-sources-1017316832240-us-central1","object":"ssreasymlb/function-source.zip","generation":"1721240663533758"}},"environmentVariables":{"GOOGLE_NODE_RUN_SCRIPTS":""},"dockerRepository":"projects/easymlb/locations/us-central1/repositories/gcf-artifacts","sourceProvenance":{"resolvedStorageSource":{"bucket":"gcf-v2-sources-1017316832240-us-central1","object":"ssreasymlb/function-source.zip","generation":"1721239282481263"}},"dockerRegistry":"ARTIFACT_REGISTRY","automaticUpdatePolicy":{}},"serviceConfig":{"service":"projects/easymlb/locations/us-central1/services/ssreasymlb","timeoutSeconds":60,"environmentVariables":{"__NG_BROWSER_OUTPUT_PATH__":"dist/card-app/browser","__FIREBASE_FRAMEWORKS_ENTRY__":"angular","__FIREBASE_DEFAULTS__":"{\"config\":{\"projectId\":\"easymlb\",\"appId\":\"1:1017316832240:web:f3f2a25da0aa48a358a335\",\"storageBucket\":\"easymlb.appspot.com\",\"apiKey\":\"AIzaSyAF1CqLV-j9llzf2lnT-7gAEsE924KPVhc\",\"authDomain\":\"easymlb.firebaseapp.com\",\"messagingSenderId\":\"1017316832240\",\"measurementId\":\"G-R28VJYZKWF\"},\"_authTokenSyncURL\":\"/__session\"}","FIREBASE_CONFIG":"{\"projectId\":\"easymlb\",\"storageBucket\":\"easymlb.appspot.com\"}","GCLOUD_PROJECT":"easymlb","EVENTARC_CLOUD_EVENT_SOURCE":"projects/easymlb/locations/us-central1/services/ssreasymlb","FUNCTION_TARGET":"ssreasymlb","LOG_EXECUTION_ID":"true"},"ingressSettings":"ALLOW_ALL","uri":"https://ssreasymlb-jbxukw4kmq-uc.a.run.app","serviceAccountEmail":"1017316832240-compute@developer.gserviceaccount.com","availableMemory":"256Mi","allTrafficOnLatestRevision":true,"revision":"ssreasymlb-00027-kad","maxInstanceRequestConcurrency":80,"availableCpu":"1"},"state":"ACTIVE","labels":{"deployment-tool":"cloudfunctions","firebase-functions-codebase":"firebase-frameworks-easymlb","firebase-functions-hash":"678aa94972af3bb58a0a4069d604553a3c7645af"},"environment":"GEN_2","url":"https://us-central1-easymlb.cloudfunctions.net/ssreasymlb"},"stages":[{"name":"BUILD","message":"Build in progress","state":"IN_PROGRESS","resource":"projects/1017316832240/locations/us-central1/builds/4569d4ad-ec0b-424a-b91a-935d9874d8f9","resourceUri":"https://console.cloud.google.com/cloud-build/builds;region=us-central1/4569d4ad-ec0b-424a-b91a-935d9874d8f9?project=1017316832240"},{"name":"SERVICE","state":"NOT_STARTED"}],"operationType":"UPDATE_FUNCTION"},"done":false}
[debug] [2024-07-17T18:24:39.593Z] [update-firebase-frameworks-easymlb-us-central1-ssreasymlb] Retrying task index 0
[debug] [2024-07-17T18:24:39.594Z] >>> [apiv2][query] GET https://cloudfunctions.googleapis.com/v2/projects/easymlb/locations/us-central1/operations/operation-1721240662680-61d759245a39b-ed273521-7f263766 [none]
[debug] [2024-07-17T18:24:39.694Z] <<< [apiv2][status] GET https://cloudfunctions.googleapis.com/v2/projects/easymlb/locations/us-central1/operations/operation-1721240662680-61d759245a39b-ed273521-7f263766 200
[debug] [2024-07-17T18:24:39.695Z] <<< [apiv2][body] GET https://cloudfunctions.googleapis.com/v2/projects/easymlb/locations/us-central1/operations/operation-1721240662680-61d759245a39b-ed273521-7f263766 {"name":"projects/easymlb/locations/us-central1/operations/operation-1721240662680-61d759245a39b-ed273521-7f263766","metadata":{"@type":"type.googleapis.com/google.cloud.functions.v2.OperationMetadata","createTime":"2024-07-17T18:24:23.593389464Z","target":"projects/easymlb/locations/us-central1/functions/ssreasymlb","verb":"update","cancelRequested":false,"apiVersion":"v2","requestResource":{"@type":"type.googleapis.com/google.cloud.functions.v2.Function","name":"projects/easymlb/locations/us-central1/functions/ssreasymlb","buildConfig":{"runtime":"nodejs20","entryPoint":"ssreasymlb","source":{"storageSource":{"bucket":"gcf-v2-sources-1017316832240-us-central1","object":"ssreasymlb/function-source.zip","generation":"1721240663533758"}},"environmentVariables":{"GOOGLE_NODE_RUN_SCRIPTS":""},"dockerRepository":"projects/easymlb/locations/us-central1/repositories/gcf-artifacts","sourceProvenance":{"resolvedStorageSource":{"bucket":"gcf-v2-sources-1017316832240-us-central1","object":"ssreasymlb/function-source.zip","generation":"1721239282481263"}},"dockerRegistry":"ARTIFACT_REGISTRY","automaticUpdatePolicy":{}},"serviceConfig":{"service":"projects/easymlb/locations/us-central1/services/ssreasymlb","timeoutSeconds":60,"environmentVariables":{"__NG_BROWSER_OUTPUT_PATH__":"dist/card-app/browser","__FIREBASE_FRAMEWORKS_ENTRY__":"angular","__FIREBASE_DEFAULTS__":"{\"config\":{\"projectId\":\"easymlb\",\"appId\":\"1:1017316832240:web:f3f2a25da0aa48a358a335\",\"storageBucket\":\"easymlb.appspot.com\",\"apiKey\":\"AIzaSyAF1CqLV-j9llzf2lnT-7gAEsE924KPVhc\",\"authDomain\":\"easymlb.firebaseapp.com\",\"messagingSenderId\":\"1017316832240\",\"measurementId\":\"G-R28VJYZKWF\"},\"_authTokenSyncURL\":\"/__session\"}","FIREBASE_CONFIG":"{\"projectId\":\"easymlb\",\"storageBucket\":\"easymlb.appspot.com\"}","GCLOUD_PROJECT":"easymlb","EVENTARC_CLOUD_EVENT_SOURCE":"projects/easymlb/locations/us-central1/services/ssreasymlb","FUNCTION_TARGET":"ssreasymlb","LOG_EXECUTION_ID":"true"},"ingressSettings":"ALLOW_ALL","uri":"https://ssreasymlb-jbxukw4kmq-uc.a.run.app","serviceAccountEmail":"1017316832240-compute@developer.gserviceaccount.com","availableMemory":"256Mi","allTrafficOnLatestRevision":true,"revision":"ssreasymlb-00027-kad","maxInstanceRequestConcurrency":80,"availableCpu":"1"},"state":"ACTIVE","labels":{"deployment-tool":"cloudfunctions","firebase-functions-codebase":"firebase-frameworks-easymlb","firebase-functions-hash":"678aa94972af3bb58a0a4069d604553a3c7645af"},"environment":"GEN_2","url":"https://us-central1-easymlb.cloudfunctions.net/ssreasymlb"},"stages":[{"name":"BUILD","message":"Build in progress","state":"IN_PROGRESS","resource":"projects/1017316832240/locations/us-central1/builds/4569d4ad-ec0b-424a-b91a-935d9874d8f9","resourceUri":"https://console.cloud.google.com/cloud-build/builds;region=us-central1/4569d4ad-ec0b-424a-b91a-935d9874d8f9?project=1017316832240"},{"name":"SERVICE","state":"NOT_STARTED"}],"operationType":"UPDATE_FUNCTION"},"done":false}
[debug] [2024-07-17T18:24:49.696Z] [update-firebase-frameworks-easymlb-us-central1-ssreasymlb] Retrying task index 0
[debug] [2024-07-17T18:24:49.697Z] >>> [apiv2][query] GET https://cloudfunctions.googleapis.com/v2/projects/easymlb/locations/us-central1/operations/operation-1721240662680-61d759245a39b-ed273521-7f263766 [none]
[debug] [2024-07-17T18:24:49.830Z] <<< [apiv2][status] GET https://cloudfunctions.googleapis.com/v2/projects/easymlb/locations/us-central1/operations/operation-1721240662680-61d759245a39b-ed273521-7f263766 200
[debug] [2024-07-17T18:24:49.830Z] <<< [apiv2][body] GET https://cloudfunctions.googleapis.com/v2/projects/easymlb/locations/us-central1/operations/operation-1721240662680-61d759245a39b-ed273521-7f263766 {"name":"projects/easymlb/locations/us-central1/operations/operation-1721240662680-61d759245a39b-ed273521-7f263766","metadata":{"@type":"type.googleapis.com/google.cloud.functions.v2.OperationMetadata","createTime":"2024-07-17T18:24:23.593389464Z","target":"projects/easymlb/locations/us-central1/functions/ssreasymlb","verb":"update","cancelRequested":false,"apiVersion":"v2","requestResource":{"@type":"type.googleapis.com/google.cloud.functions.v2.Function","name":"projects/easymlb/locations/us-central1/functions/ssreasymlb","buildConfig":{"runtime":"nodejs20","entryPoint":"ssreasymlb","source":{"storageSource":{"bucket":"gcf-v2-sources-1017316832240-us-central1","object":"ssreasymlb/function-source.zip","generation":"1721240663533758"}},"environmentVariables":{"GOOGLE_NODE_RUN_SCRIPTS":""},"dockerRepository":"projects/easymlb/locations/us-central1/repositories/gcf-artifacts","sourceProvenance":{"resolvedStorageSource":{"bucket":"gcf-v2-sources-1017316832240-us-central1","object":"ssreasymlb/function-source.zip","generation":"1721239282481263"}},"dockerRegistry":"ARTIFACT_REGISTRY","automaticUpdatePolicy":{}},"serviceConfig":{"service":"projects/easymlb/locations/us-central1/services/ssreasymlb","timeoutSeconds":60,"environmentVariables":{"__NG_BROWSER_OUTPUT_PATH__":"dist/card-app/browser","__FIREBASE_FRAMEWORKS_ENTRY__":"angular","__FIREBASE_DEFAULTS__":"{\"config\":{\"projectId\":\"easymlb\",\"appId\":\"1:1017316832240:web:f3f2a25da0aa48a358a335\",\"storageBucket\":\"easymlb.appspot.com\",\"apiKey\":\"AIzaSyAF1CqLV-j9llzf2lnT-7gAEsE924KPVhc\",\"authDomain\":\"easymlb.firebaseapp.com\",\"messagingSenderId\":\"1017316832240\",\"measurementId\":\"G-R28VJYZKWF\"},\"_authTokenSyncURL\":\"/__session\"}","FIREBASE_CONFIG":"{\"projectId\":\"easymlb\",\"storageBucket\":\"easymlb.appspot.com\"}","GCLOUD_PROJECT":"easymlb","EVENTARC_CLOUD_EVENT_SOURCE":"projects/easymlb/locations/us-central1/services/ssreasymlb","FUNCTION_TARGET":"ssreasymlb","LOG_EXECUTION_ID":"true"},"ingressSettings":"ALLOW_ALL","uri":"https://ssreasymlb-jbxukw4kmq-uc.a.run.app","serviceAccountEmail":"1017316832240-compute@developer.gserviceaccount.com","availableMemory":"256Mi","allTrafficOnLatestRevision":true,"revision":"ssreasymlb-00027-kad","maxInstanceRequestConcurrency":80,"availableCpu":"1"},"state":"ACTIVE","labels":{"deployment-tool":"cloudfunctions","firebase-functions-codebase":"firebase-frameworks-easymlb","firebase-functions-hash":"678aa94972af3bb58a0a4069d604553a3c7645af"},"environment":"GEN_2","url":"https://us-central1-easymlb.cloudfunctions.net/ssreasymlb"},"stages":[{"name":"BUILD","message":"Build in progress","state":"IN_PROGRESS","resource":"projects/1017316832240/locations/us-central1/builds/4569d4ad-ec0b-424a-b91a-935d9874d8f9","resourceUri":"https://console.cloud.google.com/cloud-build/builds;region=us-central1/4569d4ad-ec0b-424a-b91a-935d9874d8f9?project=1017316832240"},{"name":"SERVICE","state":"NOT_STARTED"}],"operationType":"UPDATE_FUNCTION"},"done":false}
[debug] [2024-07-17T18:24:59.843Z] [update-firebase-frameworks-easymlb-us-central1-ssreasymlb] Retrying task index 0
[debug] [2024-07-17T18:24:59.862Z] >>> [apiv2][query] GET https://cloudfunctions.googleapis.com/v2/projects/easymlb/locations/us-central1/operations/operation-1721240662680-61d759245a39b-ed273521-7f263766 [none]
[debug] [2024-07-17T18:25:00.024Z] <<< [apiv2][status] GET https://cloudfunctions.googleapis.com/v2/projects/easymlb/locations/us-central1/operations/operation-1721240662680-61d759245a39b-ed273521-7f263766 200
[debug] [2024-07-17T18:25:00.024Z] <<< [apiv2][body] GET https://cloudfunctions.googleapis.com/v2/projects/easymlb/locations/us-central1/operations/operation-1721240662680-61d759245a39b-ed273521-7f263766 {"name":"projects/easymlb/locations/us-central1/operations/operation-1721240662680-61d759245a39b-ed273521-7f263766","metadata":{"@type":"type.googleapis.com/google.cloud.functions.v2.OperationMetadata","createTime":"2024-07-17T18:24:23.593389464Z","target":"projects/easymlb/locations/us-central1/functions/ssreasymlb","verb":"update","cancelRequested":false,"apiVersion":"v2","requestResource":{"@type":"type.googleapis.com/google.cloud.functions.v2.Function","name":"projects/easymlb/locations/us-central1/functions/ssreasymlb","buildConfig":{"runtime":"nodejs20","entryPoint":"ssreasymlb","source":{"storageSource":{"bucket":"gcf-v2-sources-1017316832240-us-central1","object":"ssreasymlb/function-source.zip","generation":"1721240663533758"}},"environmentVariables":{"GOOGLE_NODE_RUN_SCRIPTS":""},"dockerRepository":"projects/easymlb/locations/us-central1/repositories/gcf-artifacts","sourceProvenance":{"resolvedStorageSource":{"bucket":"gcf-v2-sources-1017316832240-us-central1","object":"ssreasymlb/function-source.zip","generation":"1721239282481263"}},"dockerRegistry":"ARTIFACT_REGISTRY","automaticUpdatePolicy":{}},"serviceConfig":{"service":"projects/easymlb/locations/us-central1/services/ssreasymlb","timeoutSeconds":60,"environmentVariables":{"__NG_BROWSER_OUTPUT_PATH__":"dist/card-app/browser","__FIREBASE_FRAMEWORKS_ENTRY__":"angular","__FIREBASE_DEFAULTS__":"{\"config\":{\"projectId\":\"easymlb\",\"appId\":\"1:1017316832240:web:f3f2a25da0aa48a358a335\",\"storageBucket\":\"easymlb.appspot.com\",\"apiKey\":\"AIzaSyAF1CqLV-j9llzf2lnT-7gAEsE924KPVhc\",\"authDomain\":\"easymlb.firebaseapp.com\",\"messagingSenderId\":\"1017316832240\",\"measurementId\":\"G-R28VJYZKWF\"},\"_authTokenSyncURL\":\"/__session\"}","FIREBASE_CONFIG":"{\"projectId\":\"easymlb\",\"storageBucket\":\"easymlb.appspot.com\"}","GCLOUD_PROJECT":"easymlb","EVENTARC_CLOUD_EVENT_SOURCE":"projects/easymlb/locations/us-central1/services/ssreasymlb","FUNCTION_TARGET":"ssreasymlb","LOG_EXECUTION_ID":"true"},"ingressSettings":"ALLOW_ALL","uri":"https://ssreasymlb-jbxukw4kmq-uc.a.run.app","serviceAccountEmail":"1017316832240-compute@developer.gserviceaccount.com","availableMemory":"256Mi","allTrafficOnLatestRevision":true,"revision":"ssreasymlb-00027-kad","maxInstanceRequestConcurrency":80,"availableCpu":"1"},"state":"ACTIVE","labels":{"deployment-tool":"cloudfunctions","firebase-functions-codebase":"firebase-frameworks-easymlb","firebase-functions-hash":"678aa94972af3bb58a0a4069d604553a3c7645af"},"environment":"GEN_2","url":"https://us-central1-easymlb.cloudfunctions.net/ssreasymlb"},"stages":[{"name":"BUILD","message":"Build in progress","state":"IN_PROGRESS","resource":"projects/1017316832240/locations/us-central1/builds/4569d4ad-ec0b-424a-b91a-935d9874d8f9","resourceUri":"https://console.cloud.google.com/cloud-build/builds;region=us-central1/4569d4ad-ec0b-424a-b91a-935d9874d8f9?project=1017316832240"},{"name":"SERVICE","state":"NOT_STARTED"}],"operationType":"UPDATE_FUNCTION"},"done":false}
[debug] [2024-07-17T18:25:10.030Z] [update-firebase-frameworks-easymlb-us-central1-ssreasymlb] Retrying task index 0
[debug] [2024-07-17T18:25:10.035Z] >>> [apiv2][query] GET https://cloudfunctions.googleapis.com/v2/projects/easymlb/locations/us-central1/operations/operation-1721240662680-61d759245a39b-ed273521-7f263766 [none]
[debug] [2024-07-17T18:25:10.140Z] <<< [apiv2][status] GET https://cloudfunctions.googleapis.com/v2/projects/easymlb/locations/us-central1/operations/operation-1721240662680-61d759245a39b-ed273521-7f263766 200
[debug] [2024-07-17T18:25:10.140Z] <<< [apiv2][body] GET https://cloudfunctions.googleapis.com/v2/projects/easymlb/locations/us-central1/operations/operation-1721240662680-61d759245a39b-ed273521-7f263766 {"name":"projects/easymlb/locations/us-central1/operations/operation-1721240662680-61d759245a39b-ed273521-7f263766","metadata":{"@type":"type.googleapis.com/google.cloud.functions.v2.OperationMetadata","createTime":"2024-07-17T18:24:23.593389464Z","target":"projects/easymlb/locations/us-central1/functions/ssreasymlb","verb":"update","cancelRequested":false,"apiVersion":"v2","requestResource":{"@type":"type.googleapis.com/google.cloud.functions.v2.Function","name":"projects/easymlb/locations/us-central1/functions/ssreasymlb","buildConfig":{"runtime":"nodejs20","entryPoint":"ssreasymlb","source":{"storageSource":{"bucket":"gcf-v2-sources-1017316832240-us-central1","object":"ssreasymlb/function-source.zip","generation":"1721240663533758"}},"environmentVariables":{"GOOGLE_NODE_RUN_SCRIPTS":""},"dockerRepository":"projects/easymlb/locations/us-central1/repositories/gcf-artifacts","sourceProvenance":{"resolvedStorageSource":{"bucket":"gcf-v2-sources-1017316832240-us-central1","object":"ssreasymlb/function-source.zip","generation":"1721239282481263"}},"dockerRegistry":"ARTIFACT_REGISTRY","automaticUpdatePolicy":{}},"serviceConfig":{"service":"projects/easymlb/locations/us-central1/services/ssreasymlb","timeoutSeconds":60,"environmentVariables":{"__NG_BROWSER_OUTPUT_PATH__":"dist/card-app/browser","__FIREBASE_FRAMEWORKS_ENTRY__":"angular","__FIREBASE_DEFAULTS__":"{\"config\":{\"projectId\":\"easymlb\",\"appId\":\"1:1017316832240:web:f3f2a25da0aa48a358a335\",\"storageBucket\":\"easymlb.appspot.com\",\"apiKey\":\"AIzaSyAF1CqLV-j9llzf2lnT-7gAEsE924KPVhc\",\"authDomain\":\"easymlb.firebaseapp.com\",\"messagingSenderId\":\"1017316832240\",\"measurementId\":\"G-R28VJYZKWF\"},\"_authTokenSyncURL\":\"/__session\"}","FIREBASE_CONFIG":"{\"projectId\":\"easymlb\",\"storageBucket\":\"easymlb.appspot.com\"}","GCLOUD_PROJECT":"easymlb","EVENTARC_CLOUD_EVENT_SOURCE":"projects/easymlb/locations/us-central1/services/ssreasymlb","FUNCTION_TARGET":"ssreasymlb","LOG_EXECUTION_ID":"true"},"ingressSettings":"ALLOW_ALL","uri":"https://ssreasymlb-jbxukw4kmq-uc.a.run.app","serviceAccountEmail":"1017316832240-compute@developer.gserviceaccount.com","availableMemory":"256Mi","allTrafficOnLatestRevision":true,"revision":"ssreasymlb-00027-kad","maxInstanceRequestConcurrency":80,"availableCpu":"1"},"state":"ACTIVE","labels":{"deployment-tool":"cloudfunctions","firebase-functions-codebase":"firebase-frameworks-easymlb","firebase-functions-hash":"678aa94972af3bb58a0a4069d604553a3c7645af"},"environment":"GEN_2","url":"https://us-central1-easymlb.cloudfunctions.net/ssreasymlb"},"stages":[{"name":"BUILD","message":"Build in progress","state":"IN_PROGRESS","resource":"projects/1017316832240/locations/us-central1/builds/4569d4ad-ec0b-424a-b91a-935d9874d8f9","resourceUri":"https://console.cloud.google.com/cloud-build/builds;region=us-central1/4569d4ad-ec0b-424a-b91a-935d9874d8f9?project=1017316832240"},{"name":"SERVICE","state":"NOT_STARTED"}],"operationType":"UPDATE_FUNCTION"},"done":false}
[debug] [2024-07-17T18:25:20.142Z] [update-firebase-frameworks-easymlb-us-central1-ssreasymlb] Retrying task index 0
[debug] [2024-07-17T18:25:20.144Z] >>> [apiv2][query] GET https://cloudfunctions.googleapis.com/v2/projects/easymlb/locations/us-central1/operations/operation-1721240662680-61d759245a39b-ed273521-7f263766 [none]
[debug] [2024-07-17T18:25:20.282Z] <<< [apiv2][status] GET https://cloudfunctions.googleapis.com/v2/projects/easymlb/locations/us-central1/operations/operation-1721240662680-61d759245a39b-ed273521-7f263766 200
[debug] [2024-07-17T18:25:20.283Z] <<< [apiv2][body] GET https://cloudfunctions.googleapis.com/v2/projects/easymlb/locations/us-central1/operations/operation-1721240662680-61d759245a39b-ed273521-7f263766 {"name":"projects/easymlb/locations/us-central1/operations/operation-1721240662680-61d759245a39b-ed273521-7f263766","metadata":{"@type":"type.googleapis.com/google.cloud.functions.v2.OperationMetadata","createTime":"2024-07-17T18:24:23.593389464Z","target":"projects/easymlb/locations/us-central1/functions/ssreasymlb","verb":"update","cancelRequested":false,"apiVersion":"v2","requestResource":{"@type":"type.googleapis.com/google.cloud.functions.v2.Function","name":"projects/easymlb/locations/us-central1/functions/ssreasymlb","buildConfig":{"runtime":"nodejs20","entryPoint":"ssreasymlb","source":{"storageSource":{"bucket":"gcf-v2-sources-1017316832240-us-central1","object":"ssreasymlb/function-source.zip","generation":"1721240663533758"}},"environmentVariables":{"GOOGLE_NODE_RUN_SCRIPTS":""},"dockerRepository":"projects/easymlb/locations/us-central1/repositories/gcf-artifacts","sourceProvenance":{"resolvedStorageSource":{"bucket":"gcf-v2-sources-1017316832240-us-central1","object":"ssreasymlb/function-source.zip","generation":"1721239282481263"}},"dockerRegistry":"ARTIFACT_REGISTRY","automaticUpdatePolicy":{}},"serviceConfig":{"service":"projects/easymlb/locations/us-central1/services/ssreasymlb","timeoutSeconds":60,"environmentVariables":{"__NG_BROWSER_OUTPUT_PATH__":"dist/card-app/browser","__FIREBASE_FRAMEWORKS_ENTRY__":"angular","__FIREBASE_DEFAULTS__":"{\"config\":{\"projectId\":\"easymlb\",\"appId\":\"1:1017316832240:web:f3f2a25da0aa48a358a335\",\"storageBucket\":\"easymlb.appspot.com\",\"apiKey\":\"AIzaSyAF1CqLV-j9llzf2lnT-7gAEsE924KPVhc\",\"authDomain\":\"easymlb.firebaseapp.com\",\"messagingSenderId\":\"1017316832240\",\"measurementId\":\"G-R28VJYZKWF\"},\"_authTokenSyncURL\":\"/__session\"}","FIREBASE_CONFIG":"{\"projectId\":\"easymlb\",\"storageBucket\":\"easymlb.appspot.com\"}","GCLOUD_PROJECT":"easymlb","EVENTARC_CLOUD_EVENT_SOURCE":"projects/easymlb/locations/us-central1/services/ssreasymlb","FUNCTION_TARGET":"ssreasymlb","LOG_EXECUTION_ID":"true"},"ingressSettings":"ALLOW_ALL","uri":"https://ssreasymlb-jbxukw4kmq-uc.a.run.app","serviceAccountEmail":"1017316832240-compute@developer.gserviceaccount.com","availableMemory":"256Mi","allTrafficOnLatestRevision":true,"revision":"ssreasymlb-00027-kad","maxInstanceRequestConcurrency":80,"availableCpu":"1"},"state":"ACTIVE","labels":{"deployment-tool":"cloudfunctions","firebase-functions-codebase":"firebase-frameworks-easymlb","firebase-functions-hash":"678aa94972af3bb58a0a4069d604553a3c7645af"},"environment":"GEN_2","url":"https://us-central1-easymlb.cloudfunctions.net/ssreasymlb"},"stages":[{"name":"BUILD","message":"Build finished","state":"COMPLETE","resource":"projects/1017316832240/locations/us-central1/builds/4569d4ad-ec0b-424a-b91a-935d9874d8f9","resourceUri":"https://console.cloud.google.com/cloud-build/builds;region=us-central1/4569d4ad-ec0b-424a-b91a-935d9874d8f9?project=1017316832240"},{"name":"SERVICE","message":"Updating Cloud Run service","state":"IN_PROGRESS","resource":"projects/easymlb/locations/us-central1/services/ssreasymlb","resourceUri":"https://console.cloud.google.com/run/detail/us-central1/ssreasymlb?project=easymlb","stateMessages":[{"severity":"INFO","type":"CloudRunServiceNewRevisionTrafficInfo","message":"A new revision will be deployed serving with 100% traffic."}]}],"sourceToken":"Clhwcm9qZWN0cy8xMDE3MzE2ODMyMjQwL2xvY2F0aW9ucy91cy1jZW50cmFsMS9idWlsZHMvNDU2OWQ0YWQtZWMwYi00MjRhLWI5MWEtOTM1ZDk4NzRkOGY5EkV1cy1jZW50cmFsMS1kb2NrZXIucGtnLmRldi9lYXN5bWxiL2djZi1hcnRpZmFjdHMvc3NyZWFzeW1sYjp2ZXJzaW9uXzEY8Oe75s0dIjtwcm9qZWN0cy9lYXN5bWxiL2xvY2F0aW9ucy91cy1jZW50cmFsMS9mdW5jdGlvbnMvc3NyZWFzeW1sYioMCIuZ4LQGEOjOiKcCMghub2RlanMyMDp2CiNnY3IuaW8vZ2FlLXJ1bnRpbWVzL25vZGVqczIwOnN0YWJsZRJPdXMtY2VudHJhbDEtZG9ja2VyLnBrZy5kZXYvc2VydmVybGVzcy1ydW50aW1lcy9nb29nbGUtMjItZnVsbC9ydW50aW1lcy9ub2RlanMyMEAB","operationType":"UPDATE_FUNCTION"},"done":false}
[debug] [2024-07-17T18:25:20.283Z] Got source token Clhwcm9qZWN0cy8xMDE3MzE2ODMyMjQwL2xvY2F0aW9ucy91cy1jZW50cmFsMS9idWlsZHMvNDU2OWQ0YWQtZWMwYi00MjRhLWI5MWEtOTM1ZDk4NzRkOGY5EkV1cy1jZW50cmFsMS1kb2NrZXIucGtnLmRldi9lYXN5bWxiL2djZi1hcnRpZmFjdHMvc3NyZWFzeW1sYjp2ZXJzaW9uXzEY8Oe75s0dIjtwcm9qZWN0cy9lYXN5bWxiL2xvY2F0aW9ucy91cy1jZW50cmFsMS9mdW5jdGlvbnMvc3NyZWFzeW1sYioMCIuZ4LQGEOjOiKcCMghub2RlanMyMDp2CiNnY3IuaW8vZ2FlLXJ1bnRpbWVzL25vZGVqczIwOnN0YWJsZRJPdXMtY2VudHJhbDEtZG9ja2VyLnBrZy5kZXYvc2VydmVybGVzcy1ydW50aW1lcy9nb29nbGUtMjItZnVsbC9ydW50aW1lcy9ub2RlanMyMEAB for region us-central1
[debug] [2024-07-17T18:25:30.285Z] [update-firebase-frameworks-easymlb-us-central1-ssreasymlb] Retrying task index 0
[debug] [2024-07-17T18:25:30.285Z] >>> [apiv2][query] GET https://cloudfunctions.googleapis.com/v2/projects/easymlb/locations/us-central1/operations/operation-1721240662680-61d759245a39b-ed273521-7f263766 [none]
[debug] [2024-07-17T18:25:30.384Z] <<< [apiv2][status] GET https://cloudfunctions.googleapis.com/v2/projects/easymlb/locations/us-central1/operations/operation-1721240662680-61d759245a39b-ed273521-7f263766 200
[debug] [2024-07-17T18:25:30.384Z] <<< [apiv2][body] GET https://cloudfunctions.googleapis.com/v2/projects/easymlb/locations/us-central1/operations/operation-1721240662680-61d759245a39b-ed273521-7f263766 {"name":"projects/easymlb/locations/us-central1/operations/operation-1721240662680-61d759245a39b-ed273521-7f263766","metadata":{"@type":"type.googleapis.com/google.cloud.functions.v2.OperationMetadata","createTime":"2024-07-17T18:24:23.593389464Z","target":"projects/easymlb/locations/us-central1/functions/ssreasymlb","verb":"update","cancelRequested":false,"apiVersion":"v2","requestResource":{"@type":"type.googleapis.com/google.cloud.functions.v2.Function","name":"projects/easymlb/locations/us-central1/functions/ssreasymlb","buildConfig":{"runtime":"nodejs20","entryPoint":"ssreasymlb","source":{"storageSource":{"bucket":"gcf-v2-sources-1017316832240-us-central1","object":"ssreasymlb/function-source.zip","generation":"1721240663533758"}},"environmentVariables":{"GOOGLE_NODE_RUN_SCRIPTS":""},"dockerRepository":"projects/easymlb/locations/us-central1/repositories/gcf-artifacts","sourceProvenance":{"resolvedStorageSource":{"bucket":"gcf-v2-sources-1017316832240-us-central1","object":"ssreasymlb/function-source.zip","generation":"1721239282481263"}},"dockerRegistry":"ARTIFACT_REGISTRY","automaticUpdatePolicy":{}},"serviceConfig":{"service":"projects/easymlb/locations/us-central1/services/ssreasymlb","timeoutSeconds":60,"environmentVariables":{"__NG_BROWSER_OUTPUT_PATH__":"dist/card-app/browser","__FIREBASE_FRAMEWORKS_ENTRY__":"angular","__FIREBASE_DEFAULTS__":"{\"config\":{\"projectId\":\"easymlb\",\"appId\":\"1:1017316832240:web:f3f2a25da0aa48a358a335\",\"storageBucket\":\"easymlb.appspot.com\",\"apiKey\":\"AIzaSyAF1CqLV-j9llzf2lnT-7gAEsE924KPVhc\",\"authDomain\":\"easymlb.firebaseapp.com\",\"messagingSenderId\":\"1017316832240\",\"measurementId\":\"G-R28VJYZKWF\"},\"_authTokenSyncURL\":\"/__session\"}","FIREBASE_CONFIG":"{\"projectId\":\"easymlb\",\"storageBucket\":\"easymlb.appspot.com\"}","GCLOUD_PROJECT":"easymlb","EVENTARC_CLOUD_EVENT_SOURCE":"projects/easymlb/locations/us-central1/services/ssreasymlb","FUNCTION_TARGET":"ssreasymlb","LOG_EXECUTION_ID":"true"},"ingressSettings":"ALLOW_ALL","uri":"https://ssreasymlb-jbxukw4kmq-uc.a.run.app","serviceAccountEmail":"1017316832240-compute@developer.gserviceaccount.com","availableMemory":"256Mi","allTrafficOnLatestRevision":true,"revision":"ssreasymlb-00027-kad","maxInstanceRequestConcurrency":80,"availableCpu":"1"},"state":"ACTIVE","labels":{"deployment-tool":"cloudfunctions","firebase-functions-codebase":"firebase-frameworks-easymlb","firebase-functions-hash":"678aa94972af3bb58a0a4069d604553a3c7645af"},"environment":"GEN_2","url":"https://us-central1-easymlb.cloudfunctions.net/ssreasymlb"},"stages":[{"name":"BUILD","message":"Build finished","state":"COMPLETE","resource":"projects/1017316832240/locations/us-central1/builds/4569d4ad-ec0b-424a-b91a-935d9874d8f9","resourceUri":"https://console.cloud.google.com/cloud-build/builds;region=us-central1/4569d4ad-ec0b-424a-b91a-935d9874d8f9?project=1017316832240"},{"name":"SERVICE","message":"Updating Cloud Run service","state":"IN_PROGRESS","resource":"projects/easymlb/locations/us-central1/services/ssreasymlb","resourceUri":"https://console.cloud.google.com/run/detail/us-central1/ssreasymlb?project=easymlb","stateMessages":[{"severity":"INFO","type":"CloudRunServiceNewRevisionTrafficInfo","message":"A new revision will be deployed serving with 100% traffic."}]}],"sourceToken":"Clhwcm9qZWN0cy8xMDE3MzE2ODMyMjQwL2xvY2F0aW9ucy91cy1jZW50cmFsMS9idWlsZHMvNDU2OWQ0YWQtZWMwYi00MjRhLWI5MWEtOTM1ZDk4NzRkOGY5EkV1cy1jZW50cmFsMS1kb2NrZXIucGtnLmRldi9lYXN5bWxiL2djZi1hcnRpZmFjdHMvc3NyZWFzeW1sYjp2ZXJzaW9uXzEY8Oe75s0dIjtwcm9qZWN0cy9lYXN5bWxiL2xvY2F0aW9ucy91cy1jZW50cmFsMS9mdW5jdGlvbnMvc3NyZWFzeW1sYioMCIuZ4LQGEOjOiKcCMghub2RlanMyMDp2CiNnY3IuaW8vZ2FlLXJ1bnRpbWVzL25vZGVqczIwOnN0YWJsZRJPdXMtY2VudHJhbDEtZG9ja2VyLnBrZy5kZXYvc2VydmVybGVzcy1ydW50aW1lcy9nb29nbGUtMjItZnVsbC9ydW50aW1lcy9ub2RlanMyMEAB","operationType":"UPDATE_FUNCTION"},"done":false}
[debug] [2024-07-17T18:25:30.384Z] Got source token Clhwcm9qZWN0cy8xMDE3MzE2ODMyMjQwL2xvY2F0aW9ucy91cy1jZW50cmFsMS9idWlsZHMvNDU2OWQ0YWQtZWMwYi00MjRhLWI5MWEtOTM1ZDk4NzRkOGY5EkV1cy1jZW50cmFsMS1kb2NrZXIucGtnLmRldi9lYXN5bWxiL2djZi1hcnRpZmFjdHMvc3NyZWFzeW1sYjp2ZXJzaW9uXzEY8Oe75s0dIjtwcm9qZWN0cy9lYXN5bWxiL2xvY2F0aW9ucy91cy1jZW50cmFsMS9mdW5jdGlvbnMvc3NyZWFzeW1sYioMCIuZ4LQGEOjOiKcCMghub2RlanMyMDp2CiNnY3IuaW8vZ2FlLXJ1bnRpbWVzL25vZGVqczIwOnN0YWJsZRJPdXMtY2VudHJhbDEtZG9ja2VyLnBrZy5kZXYvc2VydmVybGVzcy1ydW50aW1lcy9nb29nbGUtMjItZnVsbC9ydW50aW1lcy9ub2RlanMyMEAB for region us-central1
